[0.062s] Invoking command in '/home/yaybeno/uwrt/software_challenge/src/build/challenge_package': CMAKE_PREFIX_PATH=/opt/ros/galactic /usr/bin/cmake /home/yaybeno/uwrt/software_challenge/src/challenge_package -DCMAKE_INSTALL_PREFIX=/home/yaybeno/uwrt/software_challenge/src/install/challenge_package
[1.214s] -- The C compiler identification is GNU 9.4.0
[2.325s] -- The CXX compiler identification is GNU 9.4.0
[2.789s] -- Check for working C compiler: /usr/bin/cc
[3.219s] -- Check for working C compiler: /usr/bin/cc -- works
[3.231s] -- Detecting C compiler ABI info
[3.640s] -- Detecting C compiler ABI info - done
[3.659s] -- Detecting C compile features
[3.660s] -- Detecting C compile features - done
[3.665s] -- Check for working CXX compiler: /usr/bin/c++
[4.082s] -- Check for working CXX compiler: /usr/bin/c++ -- works
[4.083s] -- Detecting CXX compiler ABI info
[4.510s] -- Detecting CXX compiler ABI info - done
[4.521s] -- Detecting CXX compile features
[4.521s] -- Detecting CXX compile features - done
[4.565s] -- Found ament_cmake: 1.1.6 (/opt/ros/galactic/share/ament_cmake/cmake)
[4.604s] -- Found PythonInterp: /usr/bin/python3 (found suitable version "3.8.10", minimum required is "3") 
[4.604s] -- Using PYTHON_EXECUTABLE: /usr/bin/python3
[4.753s] -- Found ament_lint_auto: 0.10.7 (/opt/ros/galactic/share/ament_lint_auto/cmake)
[4.869s] -- Added test 'copyright' to check source files copyright and LICENSE
[4.875s] -- Added test 'lint_cmake' to check CMake code style
[4.878s] -- Added test 'xmllint' to check XML markup files
[4.884s] -- Configuring done
[4.887s] -- Generating done
[4.888s] -- Build files have been written to: /home/yaybeno/uwrt/software_challenge/src/build/challenge_package
[4.894s] Invoked command in '/home/yaybeno/uwrt/software_challenge/src/build/challenge_package' returned '0': CMAKE_PREFIX_PATH=/opt/ros/galactic /usr/bin/cmake /home/yaybeno/uwrt/software_challenge/src/challenge_package -DCMAKE_INSTALL_PREFIX=/home/yaybeno/uwrt/software_challenge/src/install/challenge_package
[4.895s] Invoking command in '/home/yaybeno/uwrt/software_challenge/src/build/challenge_package': CMAKE_PREFIX_PATH=/opt/ros/galactic /usr/bin/cmake --build /home/yaybeno/uwrt/software_challenge/src/build/challenge_package -- -j8 -l8
[4.941s] Invoked command in '/home/yaybeno/uwrt/software_challenge/src/build/challenge_package' returned '0': CMAKE_PREFIX_PATH=/opt/ros/galactic /usr/bin/cmake --build /home/yaybeno/uwrt/software_challenge/src/build/challenge_package -- -j8 -l8
[4.987s] Invoking command in '/home/yaybeno/uwrt/software_challenge/src/build/challenge_package': CMAKE_PREFIX_PATH=/opt/ros/galactic /usr/bin/cmake --install /home/yaybeno/uwrt/software_challenge/src/build/challenge_package
[5.001s] -- Install configuration: ""
[5.002s] -- Installing: /home/yaybeno/uwrt/software_challenge/src/install/challenge_package/share/ament_index/resource_index/package_run_dependencies/challenge_package
[5.003s] -- Installing: /home/yaybeno/uwrt/software_challenge/src/install/challenge_package/share/ament_index/resource_index/parent_prefix_path/challenge_package
[5.005s] -- Installing: /home/yaybeno/uwrt/software_challenge/src/install/challenge_package/share/challenge_package/environment/ament_prefix_path.sh
[5.005s] -- Installing: /home/yaybeno/uwrt/software_challenge/src/install/challenge_package/share/challenge_package/environment/ament_prefix_path.dsv
[5.005s] -- Installing: /home/yaybeno/uwrt/software_challenge/src/install/challenge_package/share/challenge_package/environment/path.sh
[5.005s] -- Installing: /home/yaybeno/uwrt/software_challenge/src/install/challenge_package/share/challenge_package/environment/path.dsv
[5.005s] -- Installing: /home/yaybeno/uwrt/software_challenge/src/install/challenge_package/share/challenge_package/local_setup.bash
[5.006s] -- Installing: /home/yaybeno/uwrt/software_challenge/src/install/challenge_package/share/challenge_package/local_setup.sh
[5.006s] -- Installing: /home/yaybeno/uwrt/software_challenge/src/install/challenge_package/share/challenge_package/local_setup.zsh
[5.006s] -- Installing: /home/yaybeno/uwrt/software_challenge/src/install/challenge_package/share/challenge_package/local_setup.dsv
[5.006s] -- Installing: /home/yaybeno/uwrt/software_challenge/src/install/challenge_package/share/challenge_package/package.dsv
[5.007s] -- Installing: /home/yaybeno/uwrt/software_challenge/src/install/challenge_package/share/ament_index/resource_index/packages/challenge_package
[5.007s] -- Installing: /home/yaybeno/uwrt/software_challenge/src/install/challenge_package/share/challenge_package/cmake/challenge_packageConfig.cmake
[5.008s] -- Installing: /home/yaybeno/uwrt/software_challenge/src/install/challenge_package/share/challenge_package/cmake/challenge_packageConfig-version.cmake
[5.008s] -- Installing: /home/yaybeno/uwrt/software_challenge/src/install/challenge_package/share/challenge_package/package.xml
[5.010s] Invoked command in '/home/yaybeno/uwrt/software_challenge/src/build/challenge_package' returned '0': CMAKE_PREFIX_PATH=/opt/ros/galactic /usr/bin/cmake --install /home/yaybeno/uwrt/software_challenge/src/build/challenge_package
