[0.683s] DEBUG:colcon:Command line arguments: ['/usr/bin/colcon', 'build']
[0.683s] DEBUG:colcon:Parsed command line arguments: Namespace(allow_overriding=[], ament_cmake_args=None, base_paths=['.'], build_base='build', catkin_cmake_args=None, catkin_skip_building_tests=False, cmake_args=None, cmake_clean_cache=False, cmake_clean_first=False, cmake_force_configure=False, cmake_target=None, cmake_target_skip_unavailable=False, continue_on_error=False, event_handlers=None, executor='parallel', ignore_user_meta=False, install_base='install', log_base=None, log_level=None, main=<bound method BuildVerb.main of <colcon_core.verb.build.BuildVerb object at 0x7feb43952400>>, merge_install=False, metas=['./colcon.meta'], packages_above=None, packages_above_and_dependencies=None, packages_above_depth=None, packages_end=None, packages_ignore=None, packages_ignore_regex=None, packages_select=None, packages_select_build_failed=False, packages_select_by_dep=None, packages_select_regex=None, packages_select_test_failures=False, packages_skip=None, packages_skip_build_finished=False, packages_skip_by_dep=None, packages_skip_regex=None, packages_skip_test_passed=False, packages_skip_up_to=None, packages_start=None, packages_up_to=None, packages_up_to_regex=None, parallel_workers=8, paths=None, symlink_install=False, test_result_base=None, verb_extension=<colcon_core.verb.build.BuildVerb object at 0x7feb43952400>, verb_name='build', verb_parser=<colcon_defaults.argument_parser.defaults.DefaultArgumentsDecorator object at 0x7feb43952940>)
[0.715s] Level 1:colcon.colcon_core.package_discovery:discover_packages(colcon_meta) check parameters
[0.715s] Level 1:colcon.colcon_core.package_discovery:discover_packages(recursive) check parameters
[0.715s] Level 1:colcon.colcon_core.package_discovery:discover_packages(ignore) check parameters
[0.715s] Level 1:colcon.colcon_core.package_discovery:discover_packages(path) check parameters
[0.715s] Level 1:colcon.colcon_core.package_discovery:discover_packages(colcon_meta) discover
[0.715s] Level 1:colcon.colcon_core.package_discovery:discover_packages(recursive) discover
[0.715s] INFO:colcon.colcon_core.package_discovery:Crawling recursively for packages in '/home/yaybeno/uwrt/software_challenge/src'
[0.715s] Level 1:colcon.colcon_core.package_identification:_identify(.) by extensions ['ignore', 'ignore_ament_install']
[0.715s] Level 1:colcon.colcon_core.package_identification:_identify(.) by extension 'ignore'
[0.715s] Level 1:colcon.colcon_core.package_identification:_identify(.) by extension 'ignore_ament_install'
[0.715s] Level 1:colcon.colcon_core.package_identification:_identify(.) by extensions ['colcon_pkg']
[0.716s] Level 1:colcon.colcon_core.package_identification:_identify(.) by extension 'colcon_pkg'
[0.716s] Level 1:colcon.colcon_core.package_identification:_identify(.) by extensions ['colcon_meta']
[0.716s] Level 1:colcon.colcon_core.package_identification:_identify(.) by extension 'colcon_meta'
[0.716s] Level 1:colcon.colcon_core.package_identification:_identify(.) by extensions ['ros']
[0.716s] Level 1:colcon.colcon_core.package_identification:_identify(.) by extension 'ros'
[0.737s] Level 1:colcon.colcon_core.package_identification:_identify(.) by extensions ['cmake', 'python']
[0.737s] Level 1:colcon.colcon_core.package_identification:_identify(.) by extension 'cmake'
[0.737s] Level 1:colcon.colcon_core.package_identification:_identify(.) by extension 'python'
[0.737s] Level 1:colcon.colcon_core.package_identification:_identify(.) by extensions ['python_setup_py']
[0.737s] Level 1:colcon.colcon_core.package_identification:_identify(.) by extension 'python_setup_py'
[0.738s] Level 1:colcon.colcon_core.package_identification:_identify(build) by extensions ['ignore', 'ignore_ament_install']
[0.738s] Level 1:colcon.colcon_core.package_identification:_identify(build) by extension 'ignore'
[0.739s] Level 1:colcon.colcon_core.package_identification:_identify(build) ignored
[0.739s] Level 1:colcon.colcon_core.package_identification:_identify(challenge_package) by extensions ['ignore', 'ignore_ament_install']
[0.739s] Level 1:colcon.colcon_core.package_identification:_identify(challenge_package) by extension 'ignore'
[0.739s] Level 1:colcon.colcon_core.package_identification:_identify(challenge_package) by extension 'ignore_ament_install'
[0.739s] Level 1:colcon.colcon_core.package_identification:_identify(challenge_package) by extensions ['colcon_pkg']
[0.740s] Level 1:colcon.colcon_core.package_identification:_identify(challenge_package) by extension 'colcon_pkg'
[0.740s] Level 1:colcon.colcon_core.package_identification:_identify(challenge_package) by extensions ['colcon_meta']
[0.740s] Level 1:colcon.colcon_core.package_identification:_identify(challenge_package) by extension 'colcon_meta'
[0.740s] Level 1:colcon.colcon_core.package_identification:_identify(challenge_package) by extensions ['ros']
[0.740s] Level 1:colcon.colcon_core.package_identification:_identify(challenge_package) by extension 'ros'
[0.748s] DEBUG:colcon.colcon_core.package_identification:Package 'challenge_package' with type 'ros.ament_cmake' and name 'challenge_package'
[0.749s] Level 1:colcon.colcon_core.package_identification:_identify(install) by extensions ['ignore', 'ignore_ament_install']
[0.749s] Level 1:colcon.colcon_core.package_identification:_identify(install) by extension 'ignore'
[0.749s] Level 1:colcon.colcon_core.package_identification:_identify(install) ignored
[0.749s] Level 1:colcon.colcon_core.package_identification:_identify(log) by extensions ['ignore', 'ignore_ament_install']
[0.749s] Level 1:colcon.colcon_core.package_identification:_identify(log) by extension 'ignore'
[0.749s] Level 1:colcon.colcon_core.package_identification:_identify(log) ignored
[0.749s] Level 1:colcon.colcon_core.package_discovery:discover_packages(recursive) using defaults
[0.749s] Level 1:colcon.colcon_core.package_discovery:discover_packages(ignore) discover
[0.749s] Level 1:colcon.colcon_core.package_discovery:discover_packages(ignore) using defaults
[0.749s] Level 1:colcon.colcon_core.package_discovery:discover_packages(path) discover
[0.749s] Level 1:colcon.colcon_core.package_discovery:discover_packages(path) using defaults
[0.771s] Level 1:colcon.colcon_core.package_discovery:discover_packages(prefix_path) check parameters
[0.771s] Level 1:colcon.colcon_core.package_discovery:discover_packages(prefix_path) discover
[0.775s] DEBUG:colcon.colcon_installed_package_information.package_discovery:Found 278 installed packages in /opt/ros/galactic
[0.777s] Level 1:colcon.colcon_core.package_discovery:discover_packages(prefix_path) using defaults
[0.852s] Level 5:colcon.colcon_core.verb:set package 'challenge_package' build argument 'cmake_args' from command line to 'None'
[0.852s] Level 5:colcon.colcon_core.verb:set package 'challenge_package' build argument 'cmake_target' from command line to 'None'
[0.852s] Level 5:colcon.colcon_core.verb:set package 'challenge_package' build argument 'cmake_target_skip_unavailable' from command line to 'False'
[0.852s] Level 5:colcon.colcon_core.verb:set package 'challenge_package' build argument 'cmake_clean_cache' from command line to 'False'
[0.852s] Level 5:colcon.colcon_core.verb:set package 'challenge_package' build argument 'cmake_clean_first' from command line to 'False'
[0.852s] Level 5:colcon.colcon_core.verb:set package 'challenge_package' build argument 'cmake_force_configure' from command line to 'False'
[0.852s] Level 5:colcon.colcon_core.verb:set package 'challenge_package' build argument 'ament_cmake_args' from command line to 'None'
[0.852s] Level 5:colcon.colcon_core.verb:set package 'challenge_package' build argument 'catkin_cmake_args' from command line to 'None'
[0.852s] Level 5:colcon.colcon_core.verb:set package 'challenge_package' build argument 'catkin_skip_building_tests' from command line to 'False'
[0.852s] DEBUG:colcon.colcon_core.verb:Building package 'challenge_package' with the following arguments: {'ament_cmake_args': None, 'build_base': '/home/yaybeno/uwrt/software_challenge/src/build/challenge_package', 'catkin_cmake_args': None, 'catkin_skip_building_tests': False, 'cmake_args': None, 'cmake_clean_cache': False, 'cmake_clean_first': False, 'cmake_force_configure': False, 'cmake_target': None, 'cmake_target_skip_unavailable': False, 'install_base': '/home/yaybeno/uwrt/software_challenge/src/install/challenge_package', 'merge_install': False, 'path': '/home/yaybeno/uwrt/software_challenge/src/challenge_package', 'symlink_install': False, 'test_result_base': None}
[0.853s] INFO:colcon.colcon_core.executor:Executing jobs using 'parallel' executor
[0.859s] DEBUG:colcon.colcon_parallel_executor.executor.parallel:run_until_complete
[0.859s] INFO:colcon.colcon_ros.task.ament_cmake.build:Building ROS package in '/home/yaybeno/uwrt/software_challenge/src/challenge_package' with build type 'ament_cmake'
[0.859s] INFO:colcon.colcon_cmake.task.cmake.build:Building CMake package in '/home/yaybeno/uwrt/software_challenge/src/challenge_package'
[0.895s] INFO:colcon.colcon_core.plugin_system:Skipping extension 'colcon_core.shell.bat': Not used on non-Windows systems
[0.895s] INFO:colcon.colcon_core.shell:Skip shell extension 'powershell' for command environment: Not usable outside of PowerShell
[0.895s] DEBUG:colcon.colcon_core.shell:Skip shell extension 'dsv' for command environment
[0.922s] DEBUG:colcon.colcon_core.event_handler.log_command:Invoking command in '/home/yaybeno/uwrt/software_challenge/src/build/challenge_package': CMAKE_PREFIX_PATH=/opt/ros/galactic /usr/bin/cmake /home/yaybeno/uwrt/software_challenge/src/challenge_package -DCMAKE_INSTALL_PREFIX=/home/yaybeno/uwrt/software_challenge/src/install/challenge_package
[5.754s] DEBUG:colcon.colcon_core.event_handler.log_command:Invoked command in '/home/yaybeno/uwrt/software_challenge/src/build/challenge_package' returned '0': CMAKE_PREFIX_PATH=/opt/ros/galactic /usr/bin/cmake /home/yaybeno/uwrt/software_challenge/src/challenge_package -DCMAKE_INSTALL_PREFIX=/home/yaybeno/uwrt/software_challenge/src/install/challenge_package
[5.755s] DEBUG:colcon.colcon_core.event_handler.log_command:Invoking command in '/home/yaybeno/uwrt/software_challenge/src/build/challenge_package': CMAKE_PREFIX_PATH=/opt/ros/galactic /usr/bin/cmake --build /home/yaybeno/uwrt/software_challenge/src/build/challenge_package -- -j8 -l8
[5.801s] DEBUG:colcon.colcon_core.event_handler.log_command:Invoked command in '/home/yaybeno/uwrt/software_challenge/src/build/challenge_package' returned '0': CMAKE_PREFIX_PATH=/opt/ros/galactic /usr/bin/cmake --build /home/yaybeno/uwrt/software_challenge/src/build/challenge_package -- -j8 -l8
[5.847s] DEBUG:colcon.colcon_core.event_handler.log_command:Invoking command in '/home/yaybeno/uwrt/software_challenge/src/build/challenge_package': CMAKE_PREFIX_PATH=/opt/ros/galactic /usr/bin/cmake --install /home/yaybeno/uwrt/software_challenge/src/build/challenge_package
[5.869s] Level 1:colcon.colcon_core.environment:create_environment_scripts_only(challenge_package)
[5.870s] DEBUG:colcon.colcon_core.event_handler.log_command:Invoked command in '/home/yaybeno/uwrt/software_challenge/src/build/challenge_package' returned '0': CMAKE_PREFIX_PATH=/opt/ros/galactic /usr/bin/cmake --install /home/yaybeno/uwrt/software_challenge/src/build/challenge_package
[5.899s] Level 1:colcon.colcon_core.environment:checking '/home/yaybeno/uwrt/software_challenge/src/install/challenge_package' for CMake module files
[5.900s] Level 1:colcon.colcon_core.environment:checking '/home/yaybeno/uwrt/software_challenge/src/install/challenge_package' for CMake config files
[5.900s] Level 1:colcon.colcon_core.shell:create_environment_hook('challenge_package', 'cmake_prefix_path')
[5.901s] INFO:colcon.colcon_core.shell:Creating environment hook '/home/yaybeno/uwrt/software_challenge/src/install/challenge_package/share/challenge_package/hook/cmake_prefix_path.ps1'
[5.904s] INFO:colcon.colcon_core.shell:Creating environment descriptor '/home/yaybeno/uwrt/software_challenge/src/install/challenge_package/share/challenge_package/hook/cmake_prefix_path.dsv'
[5.905s] INFO:colcon.colcon_core.shell:Creating environment hook '/home/yaybeno/uwrt/software_challenge/src/install/challenge_package/share/challenge_package/hook/cmake_prefix_path.sh'
[5.907s] Level 1:colcon.colcon_core.environment:checking '/home/yaybeno/uwrt/software_challenge/src/install/challenge_package/bin'
[5.907s] Level 1:colcon.colcon_core.environment:checking '/home/yaybeno/uwrt/software_challenge/src/install/challenge_package/lib/pkgconfig/challenge_package.pc'
[5.908s] Level 1:colcon.colcon_core.environment:checking '/home/yaybeno/uwrt/software_challenge/src/install/challenge_package/lib/python3.8/site-packages'
[5.908s] Level 1:colcon.colcon_core.environment:checking '/home/yaybeno/uwrt/software_challenge/src/install/challenge_package/bin'
[5.911s] INFO:colcon.colcon_core.shell:Creating package script '/home/yaybeno/uwrt/software_challenge/src/install/challenge_package/share/challenge_package/package.ps1'
[5.913s] INFO:colcon.colcon_core.shell:Creating package descriptor '/home/yaybeno/uwrt/software_challenge/src/install/challenge_package/share/challenge_package/package.dsv'
[5.915s] INFO:colcon.colcon_core.shell:Creating package script '/home/yaybeno/uwrt/software_challenge/src/install/challenge_package/share/challenge_package/package.sh'
[5.916s] INFO:colcon.colcon_core.shell:Creating package script '/home/yaybeno/uwrt/software_challenge/src/install/challenge_package/share/challenge_package/package.bash'
[5.920s] INFO:colcon.colcon_core.shell:Creating package script '/home/yaybeno/uwrt/software_challenge/src/install/challenge_package/share/challenge_package/package.zsh'
[5.922s] Level 1:colcon.colcon_core.environment:create_file_with_runtime_dependencies(/home/yaybeno/uwrt/software_challenge/src/install/challenge_package/share/colcon-core/packages/challenge_package)
[5.948s] Level 1:colcon.colcon_core.environment:create_environment_scripts_only(challenge_package)
[5.952s] Level 1:colcon.colcon_core.environment:checking '/home/yaybeno/uwrt/software_challenge/src/install/challenge_package' for CMake module files
[5.952s] Level 1:colcon.colcon_core.environment:checking '/home/yaybeno/uwrt/software_challenge/src/install/challenge_package' for CMake config files
[5.952s] Level 1:colcon.colcon_core.shell:create_environment_hook('challenge_package', 'cmake_prefix_path')
[5.954s] INFO:colcon.colcon_core.shell:Creating environment hook '/home/yaybeno/uwrt/software_challenge/src/install/challenge_package/share/challenge_package/hook/cmake_prefix_path.ps1'
[5.954s] INFO:colcon.colcon_core.shell:Creating environment descriptor '/home/yaybeno/uwrt/software_challenge/src/install/challenge_package/share/challenge_package/hook/cmake_prefix_path.dsv'
[5.955s] INFO:colcon.colcon_core.shell:Creating environment hook '/home/yaybeno/uwrt/software_challenge/src/install/challenge_package/share/challenge_package/hook/cmake_prefix_path.sh'
[5.955s] Level 1:colcon.colcon_core.environment:checking '/home/yaybeno/uwrt/software_challenge/src/install/challenge_package/bin'
[5.955s] Level 1:colcon.colcon_core.environment:checking '/home/yaybeno/uwrt/software_challenge/src/install/challenge_package/lib/pkgconfig/challenge_package.pc'
[5.956s] Level 1:colcon.colcon_core.environment:checking '/home/yaybeno/uwrt/software_challenge/src/install/challenge_package/lib/python3.8/site-packages'
[5.956s] Level 1:colcon.colcon_core.environment:checking '/home/yaybeno/uwrt/software_challenge/src/install/challenge_package/bin'
[5.958s] INFO:colcon.colcon_core.shell:Creating package script '/home/yaybeno/uwrt/software_challenge/src/install/challenge_package/share/challenge_package/package.ps1'
[5.958s] INFO:colcon.colcon_core.shell:Creating package descriptor '/home/yaybeno/uwrt/software_challenge/src/install/challenge_package/share/challenge_package/package.dsv'
[5.959s] INFO:colcon.colcon_core.shell:Creating package script '/home/yaybeno/uwrt/software_challenge/src/install/challenge_package/share/challenge_package/package.sh'
[5.959s] INFO:colcon.colcon_core.shell:Creating package script '/home/yaybeno/uwrt/software_challenge/src/install/challenge_package/share/challenge_package/package.bash'
[5.960s] INFO:colcon.colcon_core.shell:Creating package script '/home/yaybeno/uwrt/software_challenge/src/install/challenge_package/share/challenge_package/package.zsh'
[5.961s] Level 1:colcon.colcon_core.environment:create_file_with_runtime_dependencies(/home/yaybeno/uwrt/software_challenge/src/install/challenge_package/share/colcon-core/packages/challenge_package)
[5.962s] DEBUG:colcon.colcon_parallel_executor.executor.parallel:closing loop
[5.962s] DEBUG:colcon.colcon_parallel_executor.executor.parallel:loop closed
[5.962s] DEBUG:colcon.colcon_parallel_executor.executor.parallel:run_until_complete finished with '0'
[5.962s] DEBUG:colcon.colcon_core.event_reactor:joining thread
[6.285s] INFO:colcon.colcon_core.plugin_system:Skipping extension 'colcon_notification.desktop_notification.notify_send': Could not find 'notify-send'
[6.286s] INFO:colcon.colcon_core.plugin_system:Skipping extension 'colcon_notification.desktop_notification.terminal_notifier': Not used on non-Darwin systems
[6.286s] INFO:colcon.colcon_core.plugin_system:Skipping extension 'colcon_notification.desktop_notification.win32': Not used on non-Windows systems
[6.286s] INFO:colcon.colcon_notification.desktop_notification:Sending desktop notification using 'notify2'
[38.707s] DEBUG:colcon.colcon_notification.desktop_notification.notify2:Failed to initialize notify2: org.freedesktop.DBus.Error.Spawn.ExecFailed: /usr/bin/dbus-launch terminated abnormally with the following error: Autolaunch error: X11 initialization failed.

[38.707s] DEBUG:colcon.colcon_core.event_reactor:joined thread
[38.710s] INFO:colcon.colcon_core.shell:Creating prefix script '/home/yaybeno/uwrt/software_challenge/src/install/local_setup.ps1'
[38.713s] INFO:colcon.colcon_core.shell:Creating prefix util module '/home/yaybeno/uwrt/software_challenge/src/install/_local_setup_util_ps1.py'
[38.717s] INFO:colcon.colcon_core.shell:Creating prefix chain script '/home/yaybeno/uwrt/software_challenge/src/install/setup.ps1'
[38.721s] INFO:colcon.colcon_core.shell:Creating prefix script '/home/yaybeno/uwrt/software_challenge/src/install/local_setup.sh'
[38.722s] INFO:colcon.colcon_core.shell:Creating prefix util module '/home/yaybeno/uwrt/software_challenge/src/install/_local_setup_util_sh.py'
[38.723s] INFO:colcon.colcon_core.shell:Creating prefix chain script '/home/yaybeno/uwrt/software_challenge/src/install/setup.sh'
[38.726s] INFO:colcon.colcon_core.shell:Creating prefix script '/home/yaybeno/uwrt/software_challenge/src/install/local_setup.bash'
[38.728s] INFO:colcon.colcon_core.shell:Creating prefix chain script '/home/yaybeno/uwrt/software_challenge/src/install/setup.bash'
[38.732s] INFO:colcon.colcon_core.shell:Creating prefix script '/home/yaybeno/uwrt/software_challenge/src/install/local_setup.zsh'
[38.735s] INFO:colcon.colcon_core.shell:Creating prefix chain script '/home/yaybeno/uwrt/software_challenge/src/install/setup.zsh'
